[debug] [2023-09-24T11:09:30.470Z] ----------------------------------------------------------------------
[debug] [2023-09-24T11:09:30.485Z] Command:       C:\Program Files\nodejs\node.exe C:\Users\Dell\AppData\Roaming\npm\node_modules\firebase-tools\lib\bin\firebase.js init
[debug] [2023-09-24T11:09:30.486Z] CLI Version:   12.5.4
[debug] [2023-09-24T11:09:30.487Z] Platform:      win32
[debug] [2023-09-24T11:09:30.487Z] Node Version:  v18.17.1
[debug] [2023-09-24T11:09:30.489Z] Time:          Sun Sep 24 2023 16:39:30 GMT+0530 (India Standard Time)
[debug] [2023-09-24T11:09:30.495Z] ----------------------------------------------------------------------
[debug] 
[debug] [2023-09-24T11:09:30.516Z] >>> [apiv2][query] GET https://firebase-public.firebaseio.com/cli.json [none]
[debug] [2023-09-24T11:09:30.979Z] > command requires scopes: ["email","openid","https://www.googleapis.com/auth/cloudplatformprojects.readonly","https://www.googleapis.com/auth/firebase","https://www.googleapis.com/auth/cloud-platform"]
[debug] [2023-09-24T11:09:30.981Z] > authorizing via signed-in user (bipingowda7@gmail.com)
[info] 
     ######## #### ########  ######## ########     ###     ######  ########
     ##        ##  ##     ## ##       ##     ##  ##   ##  ##       ##
     ######    ##  ########  ######   ########  #########  ######  ######
     ##        ##  ##    ##  ##       ##     ## ##     ##       ## ##
     ##       #### ##     ## ######## ########  ##     ##  ######  ########

You're about to initialize a Firebase project in this directory:

  C:\Users\Dell\Documents\practice\node_authentication

Before we get started, keep in mind:

  * You are initializing within an existing Firebase project directory

[debug] [2023-09-24T11:09:31.767Z] <<< [apiv2][status] GET https://firebase-public.firebaseio.com/cli.json 200
[debug] [2023-09-24T11:09:31.767Z] <<< [apiv2][body] GET https://firebase-public.firebaseio.com/cli.json {"cloudBuildErrorAfter":1594252800000,"cloudBuildWarnAfter":1590019200000,"defaultNode10After":1594252800000,"minVersion":"3.0.5","node8DeploysDisabledAfter":1613390400000,"node8RuntimeDisabledAfter":1615809600000,"node8WarnAfter":1600128000000}
